[2023-06-16 16:24:34,041] DEBUG in app: This is a debug message
[2023-06-16 16:24:34,041] INFO in app: This is an informational message
[2023-06-16 16:24:34,041] WARNING in app: This is a warning message
[2023-06-16 16:24:34,041] ERROR in app: This is an error message
[2023-06-16 16:24:56,597] DEBUG in app: This is a debug message
[2023-06-16 16:24:56,598] INFO in app: This is an informational message
[2023-06-16 16:24:56,598] WARNING in app: This is a warning message
[2023-06-16 16:24:56,599] ERROR in app: This is an error message
[2023-06-17 17:06:48,729] INFO in app: The user is connected to the server
[2023-06-17 17:06:57,362] INFO in app: The user is connected to the server
[2023-06-17 17:07:52,145] INFO in app: The user is connected to the server
[2023-06-17 17:38:11,162] INFO in app: The user is connected to the server
[2023-06-17 17:38:27,512] INFO in app: The user is connected to the server
[2023-06-17 17:39:52,096] INFO in app: The user is connected to the server
[2023-06-17 17:42:19,917] INFO in app: The user is connected to the server
[2023-06-17 17:42:27,697] INFO in app: The user is connected to the server
[2023-06-17 17:42:35,903] INFO in app: The user is connected to the server
[2023-06-17 17:47:49,423] INFO in app: The user is connected to the server
[2023-06-17 17:47:56,460] INFO in app: The user is connected to the server
[2023-06-17 17:54:30,168] INFO in app: The user is connected to the server
[2023-06-17 17:54:36,281] INFO in app: The user is connected to the server
[2023-06-17 17:59:37,274] INFO in app: The user is connected to the server
[2023-06-17 17:59:44,390] INFO in app: The user is connected to the server
[2023-06-17 18:36:17,138] INFO in app: The user is connected to the server
[2023-06-17 18:36:26,948] INFO in app: The user is connected to the server
[2023-06-17 18:37:28,642] INFO in app: The user is connected to the server
[2023-06-17 18:37:35,635] INFO in app: The user is connected to the server
[2023-06-17 18:41:31,534] INFO in app: The user is connected to the server
[2023-06-17 18:41:37,660] INFO in app: The user is connected to the server
[2023-06-17 18:44:36,534] INFO in app: The user is connected to the server
[2023-06-17 18:44:42,024] INFO in app: The user is connected to the server
[2023-06-17 18:52:03,896] INFO in app: The user is connected to the server
[2023-06-17 18:52:11,465] INFO in app: The user is connected to the server
[2023-06-17 18:52:50,636] INFO in app: The user is connected to the server
[2023-06-17 18:52:54,752] INFO in app: The user is connected to the server
[2023-06-17 19:43:13,146] INFO in app: The user is connected to the server
[2023-06-17 19:43:19,963] INFO in app: The user is connected to the server
[2023-06-17 19:43:31,233] INFO in app: The user is connected to the server
[2023-06-17 19:49:34,549] INFO in app: The user is connected to the server
[2023-06-17 19:49:39,613] INFO in app: The user is connected to the server
[2023-06-17 19:57:16,437] INFO in app: The user is connected to the server
[2023-06-17 19:57:22,376] INFO in app: The user is connected to the server
[2023-06-17 19:58:35,111] INFO in app: The user is connected to the server
[2023-06-17 19:58:36,465] INFO in app: The user is connected to the server
[2023-06-17 19:58:41,748] INFO in app: The user is connected to the server
[2023-06-17 20:00:25,518] INFO in app: The user is connected to the server
[2023-06-17 20:00:30,989] INFO in app: The user is connected to the server
[2023-06-17 20:04:17,507] INFO in app: The user is connected to the server
[2023-06-17 20:04:23,230] INFO in app: The user is connected to the server
[2023-06-17 20:05:12,537] INFO in app: The user is connected to the server
[2023-06-17 20:05:18,609] INFO in app: The user is connected to the server
[2023-06-17 20:05:24,354] INFO in app: The user is connected to the server
[2023-06-17 20:08:40,143] INFO in app: The user is connected to the server
[2023-06-17 20:08:46,826] INFO in app: The user is connected to the server
[2023-06-17 20:09:16,722] INFO in app: The user is connected to the server
[2023-06-17 20:09:21,691] INFO in app: The user is connected to the server
[2023-06-17 20:10:37,627] INFO in app: The user is connected to the server
[2023-06-17 20:10:43,644] INFO in app: The user is connected to the server
[2023-06-17 20:20:22,888] INFO in app: The user is connected to the server
[2023-06-17 20:20:29,046] INFO in app: The user is connected to the server
[2023-06-17 20:21:53,518] INFO in app: The user is connected to the server
[2023-06-17 20:21:59,273] INFO in app: The user is connected to the server
[2023-06-17 20:25:58,989] INFO in app: The user is connected to the server
[2023-06-17 20:26:04,260] INFO in app: The user is connected to the server
[2023-06-17 20:27:07,419] INFO in app: The user is connected to the server
[2023-06-17 20:27:12,434] INFO in app: The user is connected to the server
[2023-06-17 20:32:03,001] INFO in app: The user is connected to the server
[2023-06-17 20:32:08,308] INFO in app: The user is connected to the server
[2023-06-17 20:34:46,136] INFO in app: The user is connected to the server
[2023-06-17 21:35:02,984] INFO in app: The user is connected to the server
[2023-06-17 21:35:08,995] INFO in app: The user is connected to the server
[2023-06-17 21:35:18,497] INFO in app: The user is connected to the server
[2023-06-17 21:55:50,967] INFO in app: The user is connected to the server
[2023-06-17 21:56:35,982] INFO in app: The user is connected to the server
[2023-06-17 21:59:35,815] INFO in app: The user is connected to the server
[2023-06-17 21:59:57,302] INFO in app: The user is connected to the server
[2023-06-17 22:02:44,428] INFO in app: The user is connected to the server
[2023-06-17 22:04:15,041] INFO in app: The user is connected to the server
[2023-06-17 22:10:22,330] INFO in app: The user is connected to the server
[2023-06-17 22:12:05,565] INFO in app: The user is connected to the server
[2023-06-17 22:14:36,438] INFO in app: The user is connected to the server
[2023-06-17 22:16:20,058] INFO in app: The user is connected to the server
[2023-06-17 22:16:58,123] INFO in app: The user is connected to the server
[2023-06-17 22:23:58,468] INFO in app: The user is connected to the server
[2023-06-17 22:25:09,211] INFO in app: The user is connected to the server
[2023-06-17 22:27:32,018] INFO in app: The user is connected to the server
[2023-06-17 22:27:39,001] INFO in app: The user is connected to the server
[2023-06-17 22:28:26,026] INFO in app: The user is connected to the server
[2023-06-17 22:28:31,130] INFO in app: The user is connected to the server
[2023-06-17 22:33:40,104] INFO in app: The user is connected to the server
[2023-06-17 22:33:46,958] INFO in app: The user is connected to the server
[2023-06-17 22:52:22,834] INFO in app: The user is connected to the server
[2023-06-17 22:52:30,203] INFO in app: The user is connected to the server
[2023-06-17 22:55:18,784] INFO in app: The user is connected to the server
[2023-06-17 22:55:19,193] INFO in app: The user is connected to the server
[2023-06-17 22:55:24,923] INFO in app: The user is connected to the server
[2023-06-17 22:55:34,697] INFO in app: The user is connected to the server
[2023-06-17 23:01:25,407] INFO in app: The user is connected to the server
[2023-06-17 23:07:13,614] INFO in app: The user is connected to the server
[2023-06-17 23:07:23,122] INFO in app: The user is connected to the server
[2023-06-17 23:07:58,727] INFO in app: The user is connected to the server
[2023-06-17 23:15:11,020] INFO in app: The user is connected to the server
[2023-06-17 23:33:26,864] INFO in app: The user is connected to the server
[2023-06-17 23:33:33,281] INFO in app: The user is connected to the server
[2023-06-17 23:33:49,999] INFO in app: The user is connected to the server
[2023-06-17 23:34:08,478] INFO in app: The user is connected to the server
[2023-06-17 23:36:30,551] INFO in app: The user is connected to the server
[2023-06-17 23:36:36,237] INFO in app: The user is connected to the server
[2023-06-17 23:38:54,239] INFO in app: The user is connected to the server
[2023-06-17 23:39:04,316] INFO in app: The user is connected to the server
[2023-06-17 23:39:16,877] INFO in app: The user is connected to the server
[2023-06-17 23:39:24,309] INFO in app: The user is connected to the server
[2023-06-17 23:39:31,738] INFO in app: The user is connected to the server
[2023-06-17 23:39:34,529] INFO in app: The user is connected to the server
[2023-06-17 23:41:57,978] INFO in app: The user is connected to the server
[2023-06-17 23:42:21,891] INFO in app: The user is connected to the server
[2023-06-17 23:42:30,242] INFO in app: The user is connected to the server
[2023-06-17 23:43:37,266] INFO in app: The user is connected to the server
[2023-06-17 23:43:46,353] INFO in app: The user is connected to the server
[2023-06-17 23:44:01,172] INFO in app: The user is connected to the server
[2023-06-17 23:44:23,874] INFO in app: The user is connected to the server
[2023-06-17 23:44:36,553] INFO in app: The user is connected to the server
[2023-06-17 23:45:18,070] INFO in app: The user is connected to the server
[2023-06-17 23:46:04,175] INFO in app: The user is connected to the server
[2023-06-17 23:46:18,438] INFO in app: The user is connected to the server
[2023-06-17 23:46:58,918] INFO in app: The user is connected to the server
[2023-06-17 23:47:05,282] INFO in app: The user is connected to the server
[2023-06-17 23:47:13,099] INFO in app: The user is connected to the server
[2023-06-17 23:47:52,016] INFO in app: The user is connected to the server
[2023-06-17 23:47:59,467] INFO in app: The user is connected to the server
[2023-06-17 23:49:06,398] INFO in app: The user is connected to the server
[2023-06-17 23:50:17,166] INFO in app: The user is connected to the server
[2023-06-17 23:52:15,947] INFO in app: The user is connected to the server
[2023-06-17 23:56:25,803] INFO in app: The user is connected to the server
[2023-06-17 23:56:30,207] INFO in app: The user is connected to the server
[2023-06-17 23:57:11,014] INFO in app: The user is connected to the server
[2023-06-17 23:58:39,696] INFO in app: The user is connected to the server
[2023-06-17 23:58:57,680] INFO in app: The user is connected to the server
[2023-06-18 00:01:37,912] INFO in app: The user is connected to the server
[2023-06-18 00:02:06,168] INFO in app: The user is connected to the server
[2023-06-18 00:04:37,191] INFO in app: The user is connected to the server
[2023-06-18 00:13:25,713] INFO in app: The user is connected to the server
[2023-06-18 00:16:26,515] INFO in app: The user is connected to the server
[2023-06-18 00:16:59,842] INFO in app: The user is connected to the server
[2023-06-18 00:17:07,414] INFO in app: The user is connected to the server
[2023-06-18 00:29:51,690] INFO in app: The user is connected to the server
[2023-06-18 00:29:57,211] INFO in app: The user is connected to the server
[2023-06-18 00:31:37,394] INFO in app: The user is connected to the server
[2023-06-18 00:31:44,702] INFO in app: The user is connected to the server
[2023-06-18 00:31:51,059] INFO in app: The user is connected to the server
[2023-06-18 00:32:06,457] INFO in app: The user is connected to the server
[2023-06-18 00:33:14,173] INFO in app: The user is connected to the server
[2023-06-18 00:35:31,953] INFO in app: The user is connected to the server
[2023-06-18 00:36:53,333] INFO in app: The user is connected to the server
[2023-06-18 00:37:18,606] INFO in app: The user is connected to the server
[2023-06-18 00:37:24,599] INFO in app: The user is connected to the server
[2023-06-18 00:38:14,785] INFO in app: The user is connected to the server
[2023-06-18 00:38:22,111] INFO in app: The user is connected to the server
[2023-06-18 00:49:10,432] INFO in app: The user is connected to the server
[2023-06-18 00:50:50,169] INFO in app: The user is connected to the server
[2023-06-18 00:57:20,400] INFO in app: The user is connected to the server
[2023-06-18 01:03:36,678] INFO in app: The user is connected to the server
[2023-06-18 01:04:01,107] INFO in app: The user is connected to the server
[2023-06-18 01:08:33,436] INFO in app: The user is connected to the server
[2023-06-18 01:11:33,376] INFO in app: The user is connected to the server
[2023-06-18 01:12:02,360] INFO in app: The user is connected to the server
[2023-06-18 01:12:10,712] INFO in app: The user is connected to the server
[2023-06-18 01:12:27,157] INFO in app: The user is connected to the server
[2023-06-18 01:13:09,827] INFO in app: The user is connected to the server
[2023-06-18 01:13:52,875] INFO in app: The user is connected to the server
[2023-06-18 01:14:11,775] INFO in app: The user is connected to the server
[2023-06-18 01:15:09,782] INFO in app: The user is connected to the server
[2023-06-18 01:15:15,596] INFO in app: The user is connected to the server
[2023-06-18 01:15:35,081] INFO in app: The user is connected to the server
[2023-06-18 01:15:42,191] INFO in app: The user is connected to the server
[2023-06-18 01:16:16,381] INFO in app: The user is connected to the server
[2023-06-18 01:16:22,322] INFO in app: The user is connected to the server
[2023-06-18 01:16:27,714] INFO in app: The user is connected to the server
[2023-06-18 01:16:34,087] INFO in app: The user is connected to the server
[2023-06-18 01:17:05,652] INFO in app: The user is connected to the server
[2023-06-18 01:20:46,275] INFO in app: The user is connected to the server
[2023-06-18 01:20:52,387] INFO in app: The user is connected to the server
[2023-06-18 01:21:20,640] INFO in app: The user is connected to the server
[2023-06-18 01:21:29,272] INFO in app: The user is connected to the server
[2023-06-18 01:23:34,307] INFO in app: The user is connected to the server
[2023-06-18 01:26:53,617] INFO in app: The user is connected to the server
[2023-06-18 01:27:12,545] INFO in app: The user is connected to the server
[2023-06-18 01:29:11,207] INFO in app: The user is connected to the server
[2023-06-18 01:30:14,505] INFO in app: The user is connected to the server
[2023-06-18 01:31:39,361] INFO in app: The user is connected to the server
[2023-06-18 01:33:10,454] INFO in app: The user is connected to the server
[2023-06-18 01:33:20,205] INFO in app: The user is connected to the server
[2023-06-18 01:34:21,767] INFO in app: The user is connected to the server
[2023-06-18 01:34:54,198] INFO in app: The user is connected to the server
[2023-06-18 01:35:04,270] INFO in app: The user is connected to the server
[2023-06-18 01:35:14,564] INFO in app: The user is connected to the server
[2023-06-18 01:35:26,263] INFO in app: The user is connected to the server
[2023-06-18 01:35:49,697] INFO in app: The user is connected to the server
[2023-06-18 01:35:58,556] INFO in app: The user is connected to the server
[2023-06-18 01:42:05,772] INFO in app: The user is connected to the server
[2023-06-18 01:42:14,009] INFO in app: The user is connected to the server
[2023-06-18 01:42:41,052] INFO in app: The user is connected to the server
[2023-06-18 01:45:32,577] INFO in app: The user is connected to the server
[2023-06-18 01:51:43,187] INFO in app: The user is connected to the server
[2023-06-18 01:51:48,971] INFO in app: The user is connected to the server
[2023-06-18 01:54:18,054] INFO in app: The user is connected to the server
[2023-06-18 01:54:24,451] INFO in app: The user is connected to the server
[2023-06-18 02:00:11,910] INFO in app: The user is connected to the server
[2023-06-18 02:00:17,326] INFO in app: The user is connected to the server
[2023-06-18 02:02:18,816] INFO in app: The user is connected to the server
[2023-06-18 02:02:19,792] INFO in app: The user is connected to the server
[2023-06-18 02:02:25,911] INFO in app: The user is connected to the server
[2023-06-18 02:05:28,233] INFO in app: The user is connected to the server
[2023-06-18 02:05:33,307] INFO in app: The user is connected to the server
[2023-06-18 02:06:47,337] INFO in app: The user is connected to the server
[2023-06-18 02:06:53,187] INFO in app: The user is connected to the server
[2023-06-18 02:10:43,103] INFO in app: The user is connected to the server
[2023-06-18 02:10:49,299] INFO in app: The user is connected to the server
[2023-06-18 02:12:07,928] INFO in app: The user is connected to the server
[2023-06-18 02:12:13,237] INFO in app: The user is connected to the server
[2023-06-18 02:12:19,464] INFO in app: The user is connected to the server
[2023-06-18 12:31:22,142] INFO in app: The user is connected to the server
[2023-06-18 12:31:30,695] INFO in app: The user is connected to the server
[2023-06-18 12:34:09,173] INFO in app: The user is connected to the server
[2023-06-18 12:34:16,137] INFO in app: The user is connected to the server
[2023-06-18 12:38:06,636] INFO in app: The user is connected to the server
[2023-06-18 12:38:12,474] INFO in app: The user is connected to the server
[2023-06-18 12:40:42,167] INFO in app: The user is connected to the server
[2023-06-18 12:40:43,135] INFO in app: The user is connected to the server
[2023-06-18 12:40:48,556] INFO in app: The user is connected to the server
[2023-06-18 12:41:12,348] INFO in app: The user is connected to the server
[2023-06-18 12:41:17,438] INFO in app: The user is connected to the server
[2023-06-18 12:42:24,441] INFO in app: The user is connected to the server
[2023-06-18 12:42:30,818] INFO in app: The user is connected to the server
[2023-06-18 12:43:26,313] INFO in app: The user is connected to the server
[2023-06-18 12:43:43,746] INFO in app: The user is connected to the server
[2023-06-18 13:05:00,146] INFO in app: The user is connected to the server
[2023-06-18 13:05:06,241] INFO in app: The user is connected to the server
[2023-06-18 13:07:41,707] INFO in app: The user is connected to the server
[2023-06-18 13:07:47,396] INFO in app: The user is connected to the server
[2023-06-18 13:14:31,961] INFO in app: The user is connected to the server
[2023-06-18 13:37:51,599] INFO in app: The user is connected to the server
[2023-06-18 13:40:30,326] INFO in app: The user is connected to the server
[2023-06-18 13:40:39,467] INFO in app: The user is connected to the server
[2023-06-18 13:42:20,975] INFO in app: The user is connected to the server
[2023-06-18 13:42:26,108] INFO in app: The user is connected to the server
[2023-06-18 13:51:32,815] INFO in app: The user is connected to the server
[2023-06-18 13:51:40,822] INFO in app: The user is connected to the server
[2023-06-18 13:53:34,727] INFO in app: The user is connected to the server
[2023-06-18 13:53:42,121] INFO in app: The user is connected to the server
[2023-06-18 13:57:44,555] INFO in app: The user is connected to the server
[2023-06-18 13:57:50,065] INFO in app: The user is connected to the server
[2023-06-18 13:58:29,304] INFO in app: The user is connected to the server
[2023-06-18 13:58:31,673] INFO in app: The user is connected to the server
[2023-06-18 13:58:37,582] INFO in app: The user is connected to the server
[2023-06-18 14:02:57,247] INFO in app: The user is connected to the server
[2023-06-18 14:03:09,534] INFO in app: The user is connected to the server
[2023-06-18 14:04:21,628] INFO in app: The user is connected to the server
[2023-06-18 14:09:28,428] INFO in app: The user is connected to the server
[2023-06-18 14:09:36,073] INFO in app: The user is connected to the server
[2023-06-18 14:12:48,640] INFO in app: The user is connected to the server
[2023-06-18 14:12:55,242] INFO in app: The user is connected to the server
[2023-06-18 14:13:40,560] INFO in app: The user is connected to the server
[2023-06-18 14:13:55,645] INFO in app: The user is connected to the server
[2023-06-18 14:14:19,184] INFO in app: The user is connected to the server
[2023-06-18 14:18:44,090] INFO in app: The user is connected to the server
[2023-06-18 14:18:54,013] INFO in app: The user is connected to the server
[2023-06-18 14:25:18,900] INFO in app: The user is connected to the server
[2023-06-18 14:25:27,639] INFO in app: The user is connected to the server
[2023-06-18 14:25:35,782] INFO in app: The user is connected to the server
[2023-06-18 14:30:56,466] INFO in app: The user is connected to the server
[2023-06-18 14:31:24,733] INFO in app: The user is connected to the server
[2023-06-18 14:34:15,166] INFO in app: The user is connected to the server
[2023-06-18 14:43:07,930] INFO in app: The user is connected to the server
[2023-06-18 14:45:54,063] INFO in app: The user is connected to the server
[2023-06-18 14:48:40,989] INFO in app: The user is connected to the server
[2023-06-18 16:04:12,815] ERROR in app: Failed to Login, 11username not existed
[2023-06-18 16:04:20,533] INFO in app: The user is connected to the server
[2023-06-18 16:06:48,315] INFO in app: The user is connected to the server
[2023-06-18 16:07:00,907] ERROR in app: Failed to Login, 11username not existed
[2023-06-18 16:07:10,810] INFO in app: The user is connected to the server
[2023-06-18 16:07:38,440] INFO in app: The user is connected to the server
[2023-06-18 16:13:40,967] WARNING in app: Failed to Login, wrong password
[2023-06-18 16:14:45,533] ERROR in app: Failed to Login, username not existed
[2023-06-18 16:15:23,741] INFO in app: The user is connected to the server
[2023-06-18 16:20:20,800] ERROR in app: Failed to Login, username not existed
[2023-06-18 16:20:35,877] INFO in app: The user is connected to the server
[2023-06-18 16:24:07,521] ERROR in app: Failed to Login, username not existed
[2023-06-18 16:24:19,999] INFO in app: The user is connected to the server
[2023-06-18 16:36:49,065] ERROR in app: Failed to Login, username not existed
[2023-06-18 16:37:02,702] INFO in app: The user is connected to the server
[2023-06-18 16:37:42,082] INFO in app: The user is connected to the server
[2023-06-18 16:38:03,900] INFO in app: The user is connected to the server
[2023-06-18 18:50:59,783] ERROR in app: Failed to Login, username not existed
[2023-06-18 18:51:00,531] ERROR in app: Failed to Login, username not existed
[2023-06-18 18:51:12,368] INFO in app: The user is connected to the server
